<?xml version="1.0" encoding="UTF-8"?>
<testsuite xmlns:xsi="http://www.w3.org/2001/XMLSchema-instance" xsi:noNamespaceSchemaLocation="https://maven.apache.org/surefire/maven-surefire-plugin/xsd/surefire-test-report.xsd" version="3.0.2" name="com.ai.practice.SpringAiPracticeApplicationTests" time="2.275" tests="1" errors="0" skipped="0" failures="0">
  <properties>
[...]
</properties>
  <testcase name="contextLoads" classname="com.ai.practice.SpringAiPracticeApplicationTests" time="0.416">
    <system-out><![CDATA[09:30:31.466 [main] INFO org.springframework.test.context.support.AnnotationConfigContextLoaderUtils -- Could not detect default configuration classes for test class [com.ai.practice.SpringAiPracticeApplicationTests]: SpringAiPracticeApplicationTests does not declare any static, non-private, non-final, nested classes annotated with @Configuration.
09:30:31.553 [main] INFO org.springframework.boot.test.context.SpringBootTestContextBootstrapper -- Found @SpringBootConfiguration com.ai.practice.SpringAiPracticeApplication for test class com.ai.practice.SpringAiPracticeApplicationTests

  .   ____          _            __ _ _
 /\\ / ___'_ __ _ _(_)_ __  __ _ \ \ \ \
( ( )\___ | '_ | '_| | '_ \/ _` | \ \ \ \
 \\/  ___)| |_)| | | | | || (_| |  ) ) ) )
  '  |____| .__|_| |_|_| |_\__, | / / / /
 =========|_|==============|___/=/_/_/_/

 :: Spring Boot ::                (v3.5.9)

2026-01-03T09:30:31.906+05:30  INFO 3144 --- [spring-ai-practice] [           main] c.a.p.SpringAiPracticeApplicationTests   : Starting SpringAiPracticeApplicationTests using Java 25.0.1 with PID 3144 (started by DELL in C:\workspaces\spring_workspace\spring-ai-practice)
2026-01-03T09:30:31.907+05:30  INFO 3144 --- [spring-ai-practice] [           main] c.a.p.SpringAiPracticeApplicationTests   : The following 1 profile is active: "local"
2026-01-03T09:30:33.198+05:30  INFO 3144 --- [spring-ai-practice] [           main] c.a.p.SpringAiPracticeApplicationTests   : Started SpringAiPracticeApplicationTests in 1.53 seconds (process running for 2.279)
]]></system-out>
    <system-err><![CDATA[Mockito is currently self-attaching to enable the inline-mock-maker. This will no longer work in future releases of the JDK. Please add Mockito as an agent to your build as described in Mockito's documentation: https://javadoc.io/doc/org.mockito/mockito-core/latest/org.mockito/org/mockito/Mockito.html#0.3
WARNING: A Java agent has been loaded dynamically (C:\Users\DELL\.m2\repository\net\bytebuddy\byte-buddy-agent\1.17.8\byte-buddy-agent-1.17.8.jar)
WARNING: If a serviceability tool is in use, please run with -XX:+EnableDynamicAgentLoading to hide this warning
WARNING: If a serviceability tool is not in use, please run with -Djdk.instrument.traceUsage for more information
WARNING: Dynamic loading of agents will be disallowed by default in a future release
]]></system-err>
  </testcase>
</testsuite>